# JRE version: Java(TM) SE Runtime Environment (10.0.2+13) (build 10.0.2+13)
# Java VM: Java HotSpot(TM) 64-Bit Server VM (10.0.2+13, mixed mode, tiered, compressed oops, g1 gc, windows-amd64)
Heap:
 garbage-first heap   total 129024K, used 48918K [0x0000000082000000, 0x0000000100000000)
  region size 1024K, 44 young (45056K), 4 survivors (4096K)
 Metaspace       used 26955K, capacity 27547K, committed 27904K, reserved 1075200K
  class space    used 2802K, capacity 3039K, committed 3072K, reserved 1048576K
GC Heap History (10 events):
Event: 1.145 GC heap before
{Heap before GC invocations=0 (full 0):
 garbage-first heap   total 129024K, used 15360K [0x0000000082000000, 0x0000000100000000)
  region size 1024K, 14 young (14336K), 0 survivors (0K)
 Metaspace       used 9798K, capacity 10044K, committed 10240K, reserved 1058816K
  class space    used 907K, capacity 987K, committed 1024K, reserved 1048576K
}
Event: 1.150 GC heap after
{Heap after GC invocations=1 (full 0):
 garbage-first heap   total 129024K, used 3623K [0x0000000082000000, 0x0000000100000000)
  region size 1024K, 2 young (2048K), 2 survivors (2048K)
 Metaspace       used 9798K, capacity 10044K, committed 10240K, reserved 1058816K
  class space    used 907K, capacity 987K, committed 1024K, reserved 1048576K
}
Event: 1.523 GC heap before
{Heap before GC invocations=1 (full 0):
 garbage-first heap   total 129024K, used 14887K [0x0000000082000000, 0x0000000100000000)
  region size 1024K, 13 young (13312K), 2 survivors (2048K)
 Metaspace       used 12725K, capacity 12967K, committed 13056K, reserved 1060864K
  class space    used 1193K, capacity 1257K, committed 1280K, reserved 1048576K
}
Event: 1.528 GC heap after
{Heap after GC invocations=2 (full 0):
 garbage-first heap   total 129024K, used 5039K [0x0000000082000000, 0x0000000100000000)
  region size 1024K, 2 young (2048K), 2 survivors (2048K)
 Metaspace       used 12725K, capacity 12967K, committed 13056K, reserved 1060864K
  class space    used 1193K, capacity 1257K, committed 1280K, reserved 1048576K
}
Event: 3.155 GC heap before
{Heap before GC invocations=2 (full 0):
 garbage-first heap   total 129024K, used 34735K [0x0000000082000000, 0x0000000100000000)
  region size 1024K, 31 young (31744K), 2 survivors (2048K)
 Metaspace       used 19605K, capacity 19910K, committed 20352K, reserved 1067008K
  class space    used 1939K, capacity 2063K, committed 2176K, reserved 1048576K
}
Event: 3.165 GC heap after
{Heap after GC invocations=3 (full 0):
 garbage-first heap   total 129024K, used 7694K [0x0000000082000000, 0x0000000100000000)
  region size 1024K, 4 young (4096K), 4 survivors (4096K)
 Metaspace       used 19605K, capacity 19910K, committed 20352K, reserved 1067008K
  class space    used 1939K, capacity 2063K, committed 2176K, reserved 1048576K
}
Event: 3.318 GC heap before
{Heap before GC invocations=3 (full 0):
 garbage-first heap   total 129024K, used 13838K [0x0000000082000000, 0x0000000100000000)
  region size 1024K, 11 young (11264K), 4 survivors (4096K)
 Metaspace       used 20845K, capacity 21132K, committed 21296K, reserved 1069056K
  class space    used 2041K, capacity 2172K, committed 2176K, reserved 1048576K
}
Event: 3.323 GC heap after
{Heap after GC invocations=4 (full 0):
 garbage-first heap   total 129024K, used 7991K [0x0000000082000000, 0x0000000100000000)
  region size 1024K, 3 young (3072K), 3 survivors (3072K)
 Metaspace       used 20845K, capacity 21132K, committed 21296K, reserved 1069056K
  class space    used 2041K, capacity 2172K, committed 2176K, reserved 1048576K
}
Event: 14.457 GC heap before
{Heap before GC invocations=5 (full 0):
 garbage-first heap   total 129024K, used 49975K [0x0000000082000000, 0x0000000100000000)
  region size 1024K, 44 young (45056K), 3 survivors (3072K)
 Metaspace       used 26411K, capacity 26992K, committed 27392K, reserved 1073152K
  class space    used 2761K, capacity 2987K, committed 3072K, reserved 1048576K
}
Event: 14.463 GC heap after
{Heap after GC invocations=6 (full 0):
 garbage-first heap   total 129024K, used 8982K [0x0000000082000000, 0x0000000100000000)
  region size 1024K, 4 young (4096K), 4 survivors (4096K)
 Metaspace       used 26411K, capacity 26992K, committed 27392K, reserved 1073152K
  class space    used 2761K, capacity 2987K, committed 3072K, reserved 1048576K
}

