# JRE version: Java(TM) SE Runtime Environment (10.0.2+13) (build 10.0.2+13)
# Java VM: Java HotSpot(TM) 64-Bit Server VM (10.0.2+13, mixed mode, tiered, compressed oops, g1 gc, windows-amd64)
Heap:
 garbage-first heap   total 129024K, used 11264K [0x0000000082000000, 0x0000000100000000)
  region size 1024K, 7 young (7168K), 4 survivors (4096K)
 Metaspace       used 27031K, capacity 27620K, committed 27904K, reserved 1075200K
  class space    used 2808K, capacity 3042K, committed 3072K, reserved 1048576K
GC Heap History (10 events):
Event: 1.366 GC heap before
{Heap before GC invocations=1 (full 0):
 garbage-first heap   total 129024K, used 15908K [0x0000000082000000, 0x0000000100000000)
  region size 1024K, 14 young (14336K), 2 survivors (2048K)
 Metaspace       used 13181K, capacity 13403K, committed 13696K, reserved 1060864K
  class space    used 1246K, capacity 1340K, committed 1408K, reserved 1048576K
}
Event: 1.371 GC heap after
{Heap after GC invocations=2 (full 0):
 garbage-first heap   total 129024K, used 5102K [0x0000000082000000, 0x0000000100000000)
  region size 1024K, 2 young (2048K), 2 survivors (2048K)
 Metaspace       used 13181K, capacity 13403K, committed 13696K, reserved 1060864K
  class space    used 1246K, capacity 1340K, committed 1408K, reserved 1048576K
}
Event: 2.930 GC heap before
{Heap before GC invocations=2 (full 0):
 garbage-first heap   total 129024K, used 35822K [0x0000000082000000, 0x0000000100000000)
  region size 1024K, 32 young (32768K), 2 survivors (2048K)
 Metaspace       used 19592K, capacity 19910K, committed 20352K, reserved 1067008K
  class space    used 1938K, capacity 2063K, committed 2176K, reserved 1048576K
}
Event: 2.937 GC heap after
{Heap after GC invocations=3 (full 0):
 garbage-first heap   total 129024K, used 7825K [0x0000000082000000, 0x0000000100000000)
  region size 1024K, 4 young (4096K), 4 survivors (4096K)
 Metaspace       used 19592K, capacity 19910K, committed 20352K, reserved 1067008K
  class space    used 1938K, capacity 2063K, committed 2176K, reserved 1048576K
}
Event: 3.045 GC heap before
{Heap before GC invocations=3 (full 0):
 garbage-first heap   total 129024K, used 11921K [0x0000000082000000, 0x0000000100000000)
  region size 1024K, 9 young (9216K), 4 survivors (4096K)
 Metaspace       used 20834K, capacity 21132K, committed 21296K, reserved 1069056K
  class space    used 2040K, capacity 2172K, committed 2176K, reserved 1048576K
}
Event: 3.050 GC heap after
{Heap after GC invocations=4 (full 0):
 garbage-first heap   total 129024K, used 8018K [0x0000000082000000, 0x0000000100000000)
  region size 1024K, 3 young (3072K), 3 survivors (3072K)
 Metaspace       used 20834K, capacity 21132K, committed 21296K, reserved 1069056K
  class space    used 2040K, capacity 2172K, committed 2176K, reserved 1048576K
}
Event: 12.954 GC heap before
{Heap before GC invocations=5 (full 0):
 garbage-first heap   total 129024K, used 45906K [0x0000000082000000, 0x0000000100000000)
  region size 1024K, 40 young (40960K), 3 survivors (3072K)
 Metaspace       used 26376K, capacity 26990K, committed 27392K, reserved 1073152K
  class space    used 2760K, capacity 2987K, committed 3072K, reserved 1048576K
}
Event: 12.962 GC heap after
{Heap after GC invocations=6 (full 0):
 garbage-first heap   total 129024K, used 8962K [0x0000000082000000, 0x0000000100000000)
  region size 1024K, 4 young (4096K), 4 survivors (4096K)
 Metaspace       used 26376K, capacity 26990K, committed 27392K, reserved 1073152K
  class space    used 2760K, capacity 2987K, committed 3072K, reserved 1048576K
}
Event: 66.545 GC heap before
{Heap before GC invocations=6 (full 0):
 garbage-first heap   total 129024K, used 58114K [0x0000000082000000, 0x0000000100000000)
  region size 1024K, 52 young (53248K), 4 survivors (4096K)
 Metaspace       used 26894K, capacity 27492K, committed 27904K, reserved 1075200K
  class space    used 2800K, capacity 3042K, committed 3072K, reserved 1048576K
}
Event: 66.550 GC heap after
{Heap after GC invocations=7 (full 0):
 garbage-first heap   total 129024K, used 9216K [0x0000000082000000, 0x0000000100000000)
  region size 1024K, 4 young (4096K), 4 survivors (4096K)
 Metaspace       used 26894K, capacity 27492K, committed 27904K, reserved 1075200K
  class space    used 2800K, capacity 3042K, committed 3072K, reserved 1048576K
}

