# JRE version: Java(TM) SE Runtime Environment (10.0.2+13) (build 10.0.2+13)
# Java VM: Java HotSpot(TM) 64-Bit Server VM (10.0.2+13, mixed mode, tiered, compressed oops, g1 gc, windows-amd64)
Heap:
 garbage-first heap   total 129024K, used 35100K [0x0000000082000000, 0x0000000100000000)
  region size 1024K, 31 young (31744K), 3 survivors (3072K)
 Metaspace       used 21798K, capacity 22313K, committed 22704K, reserved 1069056K
  class space    used 2231K, capacity 2436K, committed 2560K, reserved 1048576K
GC Heap History (10 events):
Event: 2.127 GC heap before
{Heap before GC invocations=1 (full 0):
 garbage-first heap   total 129024K, used 13917K [0x0000000082000000, 0x0000000100000000)
  region size 1024K, 12 young (12288K), 2 survivors (2048K)
 Metaspace       used 13257K, capacity 13448K, committed 13696K, reserved 1060864K
  class space    used 1274K, capacity 1354K, committed 1408K, reserved 1048576K
}
Event: 2.131 GC heap after
{Heap after GC invocations=2 (full 0):
 garbage-first heap   total 129024K, used 4799K [0x0000000082000000, 0x0000000100000000)
  region size 1024K, 1 young (1024K), 1 survivors (1024K)
 Metaspace       used 13257K, capacity 13448K, committed 13696K, reserved 1060864K
  class space    used 1274K, capacity 1354K, committed 1408K, reserved 1048576K
}
Event: 7.582 GC heap before
{Heap before GC invocations=2 (full 0):
 garbage-first heap   total 129024K, used 33471K [0x0000000082000000, 0x0000000100000000)
  region size 1024K, 29 young (29696K), 1 survivors (1024K)
 Metaspace       used 20454K, capacity 21015K, committed 21296K, reserved 1069056K
  class space    used 2116K, capacity 2317K, committed 2432K, reserved 1048576K
}
Event: 7.597 GC heap after
{Heap after GC invocations=3 (full 0):
 garbage-first heap   total 129024K, used 7132K [0x0000000082000000, 0x0000000100000000)
  region size 1024K, 4 young (4096K), 4 survivors (4096K)
 Metaspace       used 20454K, capacity 21015K, committed 21296K, reserved 1069056K
  class space    used 2116K, capacity 2317K, committed 2432K, reserved 1048576K
}
Event: 7.617 GC heap before
{Heap before GC invocations=3 (full 0):
 garbage-first heap   total 129024K, used 7132K [0x0000000082000000, 0x0000000100000000)
  region size 1024K, 5 young (5120K), 4 survivors (4096K)
 Metaspace       used 20518K, capacity 21015K, committed 21296K, reserved 1069056K
  class space    used 2128K, capacity 2317K, committed 2432K, reserved 1048576K
}
Event: 7.622 GC heap after
{Heap after GC invocations=4 (full 0):
 garbage-first heap   total 129024K, used 7379K [0x0000000082000000, 0x0000000100000000)
  region size 1024K, 3 young (3072K), 3 survivors (3072K)
 Metaspace       used 20518K, capacity 21015K, committed 21296K, reserved 1069056K
  class space    used 2128K, capacity 2317K, committed 2432K, reserved 1048576K
}
Event: 26.899 GC heap before
{Heap before GC invocations=5 (full 0):
 garbage-first heap   total 129024K, used 51411K [0x0000000082000000, 0x0000000100000000)
  region size 1024K, 46 young (47104K), 3 survivors (3072K)
 Metaspace       used 20789K, capacity 21317K, committed 21552K, reserved 1069056K
  class space    used 2158K, capacity 2350K, committed 2432K, reserved 1048576K
}
Event: 26.903 GC heap after
{Heap after GC invocations=6 (full 0):
 garbage-first heap   total 129024K, used 7413K [0x0000000082000000, 0x0000000100000000)
  region size 1024K, 3 young (3072K), 3 survivors (3072K)
 Metaspace       used 20789K, capacity 21317K, committed 21552K, reserved 1069056K
  class space    used 2158K, capacity 2350K, committed 2432K, reserved 1048576K
}
Event: 94.133 GC heap before
{Heap before GC invocations=6 (full 0):
 garbage-first heap   total 129024K, used 69877K [0x0000000082000000, 0x0000000100000000)
  region size 1024K, 64 young (65536K), 3 survivors (3072K)
 Metaspace       used 21342K, capacity 21872K, committed 22064K, reserved 1069056K
  class space    used 2192K, capacity 2402K, committed 2432K, reserved 1048576K
}
Event: 94.147 GC heap after
{Heap after GC invocations=7 (full 0):
 garbage-first heap   total 129024K, used 7452K [0x0000000082000000, 0x0000000100000000)
  region size 1024K, 3 young (3072K), 3 survivors (3072K)
 Metaspace       used 21342K, capacity 21872K, committed 22064K, reserved 1069056K
  class space    used 2192K, capacity 2402K, committed 2432K, reserved 1048576K
}

