# JRE version: Java(TM) SE Runtime Environment (10.0.2+13) (build 10.0.2+13)
# Java VM: Java HotSpot(TM) 64-Bit Server VM (10.0.2+13, mixed mode, tiered, compressed oops, g1 gc, windows-amd64)
Heap:
 garbage-first heap   total 129024K, used 17988K [0x0000000082000000, 0x0000000100000000)
  region size 1024K, 14 young (14336K), 3 survivors (3072K)
 Metaspace       used 21746K, capacity 22253K, committed 22704K, reserved 1069056K
  class space    used 2230K, capacity 2436K, committed 2560K, reserved 1048576K
GC Heap History (10 events):
Event: 1.428 GC heap before
{Heap before GC invocations=1 (full 0):
 garbage-first heap   total 129024K, used 13896K [0x0000000082000000, 0x0000000100000000)
  region size 1024K, 12 young (12288K), 2 survivors (2048K)
 Metaspace       used 13305K, capacity 13544K, committed 13696K, reserved 1060864K
  class space    used 1282K, capacity 1386K, committed 1408K, reserved 1048576K
}
Event: 1.432 GC heap after
{Heap after GC invocations=2 (full 0):
 garbage-first heap   total 129024K, used 5018K [0x0000000082000000, 0x0000000100000000)
  region size 1024K, 1 young (1024K), 1 survivors (1024K)
 Metaspace       used 13305K, capacity 13544K, committed 13696K, reserved 1060864K
  class space    used 1282K, capacity 1386K, committed 1408K, reserved 1048576K
}
Event: 5.304 GC heap before
{Heap before GC invocations=2 (full 0):
 garbage-first heap   total 129024K, used 33690K [0x0000000082000000, 0x0000000100000000)
  region size 1024K, 29 young (29696K), 1 survivors (1024K)
 Metaspace       used 20462K, capacity 20956K, committed 21296K, reserved 1069056K
  class space    used 2118K, capacity 2317K, committed 2432K, reserved 1048576K
}
Event: 5.309 GC heap after
{Heap after GC invocations=3 (full 0):
 garbage-first heap   total 129024K, used 7327K [0x0000000082000000, 0x0000000100000000)
  region size 1024K, 4 young (4096K), 4 survivors (4096K)
 Metaspace       used 20462K, capacity 20956K, committed 21296K, reserved 1069056K
  class space    used 2118K, capacity 2317K, committed 2432K, reserved 1048576K
}
Event: 5.323 GC heap before
{Heap before GC invocations=3 (full 0):
 garbage-first heap   total 129024K, used 7327K [0x0000000082000000, 0x0000000100000000)
  region size 1024K, 5 young (5120K), 4 survivors (4096K)
 Metaspace       used 20598K, capacity 21052K, committed 21296K, reserved 1069056K
  class space    used 2144K, capacity 2349K, committed 2432K, reserved 1048576K
}
Event: 5.327 GC heap after
{Heap after GC invocations=4 (full 0):
 garbage-first heap   total 129024K, used 7364K [0x0000000082000000, 0x0000000100000000)
  region size 1024K, 3 young (3072K), 3 survivors (3072K)
 Metaspace       used 20598K, capacity 21052K, committed 21296K, reserved 1069056K
  class space    used 2144K, capacity 2349K, committed 2432K, reserved 1048576K
}
Event: 17.046 GC heap before
{Heap before GC invocations=5 (full 0):
 garbage-first heap   total 129024K, used 53444K [0x0000000082000000, 0x0000000100000000)
  region size 1024K, 48 young (49152K), 3 survivors (3072K)
 Metaspace       used 20817K, capacity 21324K, committed 21552K, reserved 1069056K
  class space    used 2159K, capacity 2350K, committed 2432K, reserved 1048576K
}
Event: 17.049 GC heap after
{Heap after GC invocations=6 (full 0):
 garbage-first heap   total 129024K, used 7688K [0x0000000082000000, 0x0000000100000000)
  region size 1024K, 3 young (3072K), 3 survivors (3072K)
 Metaspace       used 20817K, capacity 21324K, committed 21552K, reserved 1069056K
  class space    used 2159K, capacity 2350K, committed 2432K, reserved 1048576K
}
Event: 99.170 GC heap before
{Heap before GC invocations=6 (full 0):
 garbage-first heap   total 129024K, used 73224K [0x0000000082000000, 0x0000000100000000)
  region size 1024K, 67 young (68608K), 3 survivors (3072K)
 Metaspace       used 21384K, capacity 21820K, committed 22064K, reserved 1069056K
  class space    used 2192K, capacity 2402K, committed 2432K, reserved 1048576K
}
Event: 99.184 GC heap after
{Heap after GC invocations=7 (full 0):
 garbage-first heap   total 129024K, used 7748K [0x0000000082000000, 0x0000000100000000)
  region size 1024K, 3 young (3072K), 3 survivors (3072K)
 Metaspace       used 21384K, capacity 21820K, committed 22064K, reserved 1069056K
  class space    used 2192K, capacity 2402K, committed 2432K, reserved 1048576K
}

