# JRE version: Java(TM) SE Runtime Environment (10.0.2+13) (build 10.0.2+13)
# Java VM: Java HotSpot(TM) 64-Bit Server VM (10.0.2+13, mixed mode, tiered, compressed oops, g1 gc, windows-amd64)
Heap:
 garbage-first heap   total 129024K, used 29181K [0x0000000082000000, 0x0000000100000000)
  region size 1024K, 26 young (26624K), 4 survivors (4096K)
 Metaspace       used 21227K, capacity 21714K, committed 22064K, reserved 1069056K
  class space    used 2178K, capacity 2367K, committed 2432K, reserved 1048576K
GC Heap History (6 events):
Event: 1.278 GC heap before
{Heap before GC invocations=0 (full 0):
 garbage-first heap   total 129024K, used 15360K [0x0000000082000000, 0x0000000100000000)
  region size 1024K, 14 young (14336K), 0 survivors (0K)
 Metaspace       used 9694K, capacity 9881K, committed 9984K, reserved 1058816K
  class space    used 897K, capacity 954K, committed 1024K, reserved 1048576K
}
Event: 1.282 GC heap after
{Heap after GC invocations=1 (full 0):
 garbage-first heap   total 129024K, used 3814K [0x0000000082000000, 0x0000000100000000)
  region size 1024K, 2 young (2048K), 2 survivors (2048K)
 Metaspace       used 9694K, capacity 9881K, committed 9984K, reserved 1058816K
  class space    used 897K, capacity 954K, committed 1024K, reserved 1048576K
}
Event: 5.884 GC heap before
{Heap before GC invocations=1 (full 0):
 garbage-first heap   total 129024K, used 42726K [0x0000000082000000, 0x0000000100000000)
  region size 1024K, 41 young (41984K), 2 survivors (2048K)
 Metaspace       used 20604K, capacity 21051K, committed 21296K, reserved 1069056K
  class space    used 2142K, capacity 2349K, committed 2432K, reserved 1048576K
}
Event: 5.897 GC heap after
{Heap after GC invocations=2 (full 0):
 garbage-first heap   total 129024K, used 7238K [0x0000000082000000, 0x0000000100000000)
  region size 1024K, 6 young (6144K), 6 survivors (6144K)
 Metaspace       used 20604K, capacity 21051K, committed 21296K, reserved 1069056K
  class space    used 2142K, capacity 2349K, committed 2432K, reserved 1048576K
}
Event: 20.130 GC heap before
{Heap before GC invocations=3 (full 0):
 garbage-first heap   total 129024K, used 51270K [0x0000000082000000, 0x0000000100000000)
  region size 1024K, 49 young (50176K), 6 survivors (6144K)
 Metaspace       used 20825K, capacity 21323K, committed 21552K, reserved 1069056K
  class space    used 2157K, capacity 2350K, committed 2432K, reserved 1048576K
}
Event: 20.137 GC heap after
{Heap after GC invocations=4 (full 0):
 garbage-first heap   total 129024K, used 7677K [0x0000000082000000, 0x0000000100000000)
  region size 1024K, 4 young (4096K), 4 survivors (4096K)
 Metaspace       used 20825K, capacity 21323K, committed 21552K, reserved 1069056K
  class space    used 2157K, capacity 2350K, committed 2432K, reserved 1048576K
}

